<?xml version="1.0" encoding="UTF-8"?>
<!-- Generated by org.testng.reporters.JUnitXMLReporter -->
<testsuite hostname="Suyashs-MacBook-Pro.local" ignored="0" name="Default test" tests="7" failures="0" timestamp="08 Jul 2017 23:08:25 GMT" time="5759.373" errors="0">
  <testcase name="testLoginWithDifferentRecords" time="124.133" classname="com.test.automation.uiAutomation.homepage.TC003_VerifyLoginWithDifferentRecords"/>
  <testcase name="testLoginWithDifferentRecords" time="123.909" classname="com.test.automation.uiAutomation.homepage.TC003_VerifyLoginWithDifferentRecords"/>
  <testcase name="testLoginWithDifferentRecords" time="123.97" classname="com.test.automation.uiAutomation.homepage.TC003_VerifyLoginWithDifferentRecords"/>
  <testcase name="testLoginWithDifferentRecords" time="123.884" classname="com.test.automation.uiAutomation.homepage.TC003_VerifyLoginWithDifferentRecords"/>
  <testcase name="testLoginWithDifferentRecords" time="123.97" classname="com.test.automation.uiAutomation.homepage.TC003_VerifyLoginWithDifferentRecords"/>
  <testcase name="testLoginWithDifferentRecords" time="5010.571" classname="com.test.automation.uiAutomation.homepage.TC003_VerifyLoginWithDifferentRecords"/>
  <testcase name="testLoginWithDifferentRecords" time="123.421" classname="com.test.automation.uiAutomation.homepage.TC003_VerifyLoginWithDifferentRecords"/>
</testsuite> <!-- Default test -->
