<?xml version="1.0" encoding="UTF-8"?>
<!-- Generated by org.testng.reporters.JUnitXMLReporter -->
<testsuite hostname="Suyashs-MacBook-Pro.local" ignored="0" name="Default test" tests="2" failures="0" timestamp="08 Jul 2017 23:43:06 GMT" time="129.506" errors="0">
  <testcase name="testLoginWithDifferentRecords" time="124.116" classname="com.test.automation.uiAutomation.homepage.TC003_VerifyLoginWithDifferentRecords"/>
  <testcase name="testLoginWithDifferentRecords" time="0.001" classname="com.test.automation.uiAutomation.homepage.TC003_VerifyLoginWithDifferentRecords">
    <skipped/>
  </testcase> <!-- testLoginWithDifferentRecords -->
</testsuite> <!-- Default test -->
