<?xml version="1.0" encoding="UTF-8"?>
<testng-results skipped="0" failed="0" ignored="0" total="1" passed="1">
  <reporter-output>
  </reporter-output>
  <suite name="Default suite" duration-ms="11191" started-at="2017-07-11T05:12:48Z" finished-at="2017-07-11T05:12:59Z">
    <groups>
    </groups>
    <test name="Default test" duration-ms="11191" started-at="2017-07-11T05:12:48Z" finished-at="2017-07-11T05:12:59Z">
      <class name="com.test.automation.uiAutomation.addToCart.TC001_VerifyAddToCart">
        <test-method status="PASS" signature="setUp()[pri:0, instance:com.test.automation.uiAutomation.addToCart.TC001_VerifyAddToCart@6e1567f1]" name="setUp" is-config="true" duration-ms="5620" started-at="2017-07-11T01:12:48Z" finished-at="2017-07-11T01:12:53Z">
          <reporter-output>
          </reporter-output>
        </test-method> <!-- setUp -->
        <test-method status="PASS" signature="verifyAddToCart()[pri:0, instance:com.test.automation.uiAutomation.addToCart.TC001_VerifyAddToCart@6e1567f1]" name="verifyAddToCart" duration-ms="5202" started-at="2017-07-11T01:12:53Z" finished-at="2017-07-11T01:12:59Z">
          <reporter-output>
          </reporter-output>
        </test-method> <!-- verifyAddToCart -->
        <test-method status="PASS" signature="end()[pri:0, instance:com.test.automation.uiAutomation.addToCart.TC001_VerifyAddToCart@6e1567f1]" name="end" is-config="true" duration-ms="343" started-at="2017-07-11T01:12:59Z" finished-at="2017-07-11T01:12:59Z">
          <reporter-output>
          </reporter-output>
        </test-method> <!-- end -->
      </class> <!-- com.test.automation.uiAutomation.addToCart.TC001_VerifyAddToCart -->
    </test> <!-- Default test -->
  </suite> <!-- Default suite -->
</testng-results>
