<?xml version="1.0" encoding="UTF-8"?>
<testng-results skipped="1" failed="0" ignored="0" total="2" passed="1">
  <reporter-output>
    <line>
      <![CDATA[<a href='/Users/suyashnande/Documents/workspace/uiAutomation/src/main/java/com/test/automation/uiAutomation/screenshot/testLoginWithDifferentRecords_ram1@gmail.com_08_07_2017_07_41_59.png'> <img src='/Users/suyashnande/Documents/workspace/uiAutomation/src/main/java/com/test/automation/uiAutomation/screenshot/testLoginWithDifferentRecords_ram1@gmail.com_08_07_2017_07_41_59.png'height='100' width='100'/> </a>]]>
    </line>
  </reporter-output>
  <suite name="Default suite" duration-ms="129506" started-at="2017-07-08T23:40:52Z" finished-at="2017-07-08T23:43:01Z">
    <groups>
    </groups>
    <test name="Default test" duration-ms="129506" started-at="2017-07-08T23:40:52Z" finished-at="2017-07-08T23:43:01Z">
      <class name="com.test.automation.uiAutomation.homepage.TC003_VerifyLoginWithDifferentRecords">
        <test-method status="PASS" signature="setUp()[pri:0, instance:com.test.automation.uiAutomation.homepage.TC003_VerifyLoginWithDifferentRecords@56ef9176]" name="setUp" is-config="true" duration-ms="4589" started-at="2017-07-08T19:40:52Z" finished-at="2017-07-08T19:40:56Z">
          <reporter-output>
          </reporter-output>
        </test-method> <!-- setUp -->
        <test-method status="PASS" signature="testLoginWithDifferentRecords(java.lang.String, java.lang.String, java.lang.String)[pri:0, instance:com.test.automation.uiAutomation.homepage.TC003_VerifyLoginWithDifferentRecords@56ef9176]" name="testLoginWithDifferentRecords" duration-ms="124116" started-at="2017-07-08T19:40:57Z" data-provider="loginData" finished-at="2017-07-08T19:43:01Z">
          <params>
            <param index="0">
              <value>
                <![CDATA[ram1@gmail.com]]>
              </value>
            </param>
            <param index="1">
              <value>
                <![CDATA[password]]>
              </value>
            </param>
            <param index="2">
              <value>
                <![CDATA[y]]>
              </value>
            </param>
          </params>
          <reporter-output>
            <line>
              <![CDATA[<a href='/Users/suyashnande/Documents/workspace/uiAutomation/src/main/java/com/test/automation/uiAutomation/screenshot/testLoginWithDifferentRecords_ram1@gmail.com_08_07_2017_07_41_59.png'> <img src='/Users/suyashnande/Documents/workspace/uiAutomation/src/main/java/com/test/automation/uiAutomation/screenshot/testLoginWithDifferentRecords_ram1@gmail.com_08_07_2017_07_41_59.png'height='100' width='100'/> </a>]]>
            </line>
          </reporter-output>
        </test-method> <!-- testLoginWithDifferentRecords -->
        <test-method status="SKIP" signature="testLoginWithDifferentRecords(java.lang.String, java.lang.String, java.lang.String)[pri:0, instance:com.test.automation.uiAutomation.homepage.TC003_VerifyLoginWithDifferentRecords@56ef9176]" name="testLoginWithDifferentRecords" duration-ms="1" started-at="2017-07-08T19:43:01Z" data-provider="loginData" finished-at="2017-07-08T19:43:01Z">
          <params>
            <param index="0">
              <value>
                <![CDATA[ram1@gmail.com]]>
              </value>
            </param>
            <param index="1">
              <value>
                <![CDATA[password]]>
              </value>
            </param>
            <param index="2">
              <value>
                <![CDATA[n]]>
              </value>
            </param>
          </params>
          <exception class="org.testng.SkipException">
            <message>
              <![CDATA[user marked this record as no run:- n]]>
            </message>
            <full-stacktrace>
              <![CDATA[org.testng.SkipException: user marked this record as no run:- n
	at com.test.automation.uiAutomation.homepage.TC003_VerifyLoginWithDifferentRecords.testLoginWithDifferentRecords(TC003_VerifyLoginWithDifferentRecords.java:34)
	at sun.reflect.NativeMethodAccessorImpl.invoke0(Native Method)
	at sun.reflect.NativeMethodAccessorImpl.invoke(NativeMethodAccessorImpl.java:62)
	at sun.reflect.DelegatingMethodAccessorImpl.invoke(DelegatingMethodAccessorImpl.java:43)
	at java.lang.reflect.Method.invoke(Method.java:498)
	at org.testng.internal.MethodInvocationHelper.invokeMethod(MethodInvocationHelper.java:108)
	at org.testng.internal.Invoker.invokeMethod(Invoker.java:661)
	at org.testng.internal.Invoker.invokeTestMethod(Invoker.java:869)
	at org.testng.internal.Invoker.invokeTestMethods(Invoker.java:1193)
	at org.testng.internal.TestMethodWorker.invokeTestMethods(TestMethodWorker.java:126)
	at org.testng.internal.TestMethodWorker.run(TestMethodWorker.java:109)
	at org.testng.TestRunner.privateRun(TestRunner.java:744)
	at org.testng.TestRunner.run(TestRunner.java:602)
	at org.testng.SuiteRunner.runTest(SuiteRunner.java:380)
	at org.testng.SuiteRunner.runSequentially(SuiteRunner.java:375)
	at org.testng.SuiteRunner.privateRun(SuiteRunner.java:340)
	at org.testng.SuiteRunner.run(SuiteRunner.java:289)
	at org.testng.SuiteRunnerWorker.runSuite(SuiteRunnerWorker.java:52)
	at org.testng.SuiteRunnerWorker.run(SuiteRunnerWorker.java:86)
	at org.testng.TestNG.runSuitesSequentially(TestNG.java:1301)
	at org.testng.TestNG.runSuitesLocally(TestNG.java:1226)
	at org.testng.TestNG.runSuites(TestNG.java:1144)
	at org.testng.TestNG.run(TestNG.java:1115)
	at org.testng.remote.AbstractRemoteTestNG.run(AbstractRemoteTestNG.java:132)
	at org.testng.remote.RemoteTestNG.initAndRun(RemoteTestNG.java:230)
	at org.testng.remote.RemoteTestNG.main(RemoteTestNG.java:76)
]]>
            </full-stacktrace>
          </exception> <!-- org.testng.SkipException -->
          <reporter-output>
          </reporter-output>
        </test-method> <!-- testLoginWithDifferentRecords -->
        <test-method status="PASS" signature="end()[pri:0, instance:com.test.automation.uiAutomation.homepage.TC003_VerifyLoginWithDifferentRecords@56ef9176]" name="end" is-config="true" duration-ms="119" started-at="2017-07-08T19:43:01Z" finished-at="2017-07-08T19:43:01Z">
          <reporter-output>
          </reporter-output>
        </test-method> <!-- end -->
      </class> <!-- com.test.automation.uiAutomation.homepage.TC003_VerifyLoginWithDifferentRecords -->
    </test> <!-- Default test -->
  </suite> <!-- Default suite -->
</testng-results>
